
RAxML-NG v. 1.2.0-dev released on 19.10.2023 by The Exelixis Lab.
Developed by: Alexey M. Kozlov and Alexandros Stamatakis.
Contributors: Diego Darriba, Tomas Flouri, Benoit Morel, Sarah Lutteropp, Ben Bettisworth, Julia Haag, Anastasis Togkousidis.
Latest version: https://github.com/amkozlov/raxml-ng
Questions/problems/suggestions? Please visit: https://groups.google.com/forum/#!forum/raxml

System: AMD EPYC 7543 32-Core Processor, 64 cores, 4019 GB RAM

RAxML-NG was called at 06-Dec-2024 13:29:19 as follows:

/home/cbitenco/scratch/apps/raxml-ng-dev/bin/raxml-ng --evaluate --msa /mnt/shared/scratch/cbitenco/private/Projects/Apocys/PAFTOL_1KP_NIF-CB/ASTRAL_for_RAxML-bl/dataset2_diamond/Concatenated_Alignment_nha_diam.phy --model GTR+G+F --tree SpeciesTree_PxrrRooted_dt2_iqtree_wastral.s0.nha.tre --prefix BrLe_SpeciesTree_PxrrRooted_dt2_iqtree_wastral.s0.nha.tre --brlen scaled

Analysis options:
  run mode: Evaluate tree likelihood
  start tree(s): user
  random seed: 1733491759
  tip-inner: OFF
  pattern compression: ON
  per-rate scalers: OFF
  site repeats: ON
  logLH epsilon: general: 10.000000, brlen-triplet: 1000.000000
  branch lengths: proportional (ML estimate, algorithm: NR-FAST)
  SIMD kernels: AVX2
  parallelization: coarse-grained (auto), PTHREADS (auto)

[00:00:06] Reading alignment from file: /mnt/shared/scratch/cbitenco/private/Projects/Apocys/PAFTOL_1KP_NIF-CB/ASTRAL_for_RAxML-bl/dataset2_diamond/Concatenated_Alignment_nha_diam.phy
[00:00:28] Loaded alignment with 299 taxa and 182666 sites

WARNING: Fully undetermined columns found: 3

NOTE: Reduced alignment (with duplicates and gap-only sites/taxa removed) 
NOTE: was saved to: /mnt/shared/scratch/cbitenco/private/Projects/Apocys/PAFTOL_1KP_NIF-CB/ASTRAL_for_RAxML-bl/dataset2_diamond/nha_iqtree_AAtoDNA/BrLe_SpeciesTree_PxrrRooted_dt2_iqtree_wastral.s0.nha.tre.raxml.reduced.phy

Alignment comprises 1 partitions and 152083 patterns

Partition 0: noname
Model: GTR+FC+G4m
Alignment sites / patterns: 182663 / 152083
Gaps: 15.35 %
Invariant sites: 26.15 %


NOTE: Binary MSA file created: BrLe_SpeciesTree_PxrrRooted_dt2_iqtree_wastral.s0.nha.tre.raxml.rba

Parallelization scheme autoconfig: 1 worker(s) x 64 thread(s)

[00:03:06] Loading user starting tree(s) from: SpeciesTree_PxrrRooted_dt2_iqtree_wastral.s0.nha.tre
Parallel reduction/worker buffer size: 1 KB  / 0 KB

[00:03:06] Data distribution: max. partitions/sites/weight per thread: 1 / 2377 / 38032
[00:03:06] Data distribution: max. searches per worker: 1

Evaluating 1 trees

[00:03:10] Tree #1, initial LogLikelihood: -6910183.161248

[00:03:14 -6910183.161248] Initial branch length optimization
[03:44:22 -5894430.044980] Model parameter optimization (eps = 10.000000)

[05:12:48] Tree #1, final logLikelihood: -5699038.434152


Optimized model parameters:

   Partition 0: noname
   Rate heterogeneity: GAMMA (4 cats, mean),  alpha: 0.607631 (ML),  weights&rates: (0.250000,0.054686) (0.250000,0.316487) (0.250000,0.885162) (0.250000,2.743665) 
   Base frequencies (empirical): 0.286827 0.182396 0.248462 0.282315 
   Substitution rates (ML): 1.517208 3.740002 1.188993 1.394246 4.962211 1.000000 


Final LogLikelihood: -5699038.434152

AIC score: 11399284.868305 / AICc score: 11399288.882630 / BIC score: 11405394.568820
Free parameters (model + branch lengths): 604

Best ML tree saved to: /mnt/shared/scratch/cbitenco/private/Projects/Apocys/PAFTOL_1KP_NIF-CB/ASTRAL_for_RAxML-bl/dataset2_diamond/nha_iqtree_AAtoDNA/BrLe_SpeciesTree_PxrrRooted_dt2_iqtree_wastral.s0.nha.tre.raxml.bestTree
Optimized model saved to: /mnt/shared/scratch/cbitenco/private/Projects/Apocys/PAFTOL_1KP_NIF-CB/ASTRAL_for_RAxML-bl/dataset2_diamond/nha_iqtree_AAtoDNA/BrLe_SpeciesTree_PxrrRooted_dt2_iqtree_wastral.s0.nha.tre.raxml.bestModel

Execution log saved to: /mnt/shared/scratch/cbitenco/private/Projects/Apocys/PAFTOL_1KP_NIF-CB/ASTRAL_for_RAxML-bl/dataset2_diamond/nha_iqtree_AAtoDNA/BrLe_SpeciesTree_PxrrRooted_dt2_iqtree_wastral.s0.nha.tre.raxml.log

Analysis started: 06-Dec-2024 13:29:19 / finished: 06-Dec-2024 18:42:09

Elapsed time: 18770.193 seconds

Consumed energy: 1333.389 Wh (= 7 km in an electric car, or 33 km with an e-scooter!)

